"Signed transaction with txID: NGDHWT2NIY3UD47QWEF7DW4PFB45B3LEEAAZO5T7ABGIKPOVPUIQ\nCreated new app-id: 244":
    application-index: 244
    confirmed-round: 114036
    global-state-delta:
        - key: YXNzZXRJRA==
          value:
              action: 2
              uint: 239
    pool-error: ""
    txn:
        sig:
            type: Buffer
            data:
                - 220
                - 31
                - 4
                - 79
                - 33
                - 200
                - 47
                - 156
                - 188
                - 27
                - 123
                - 148
                - 121
                - 42
                - 38
                - 53
                - 72
                - 196
                - 36
                - 4
                - 248
                - 43
                - 94
                - 252
                - 159
                - 33
                - 179
                - 83
                - 32
                - 65
                - 96
                - 2
                - 152
                - 63
                - 144
                - 65
                - 98
                - 202
                - 84
                - 95
                - 68
                - 185
                - 248
                - 149
                - 248
                - 5
                - 218
                - 146
                - 43
                - 168
                - 120
                - 76
                - 15
                - 2
                - 143
                - 202
                - 184
                - 238
                - 73
                - 25
                - 116
                - 171
                - 213
                - 0
        txn:
            apaa:
                - type: Buffer
                  data:
                      - 0
                      - 0
                      - 0
                      - 0
                      - 0
                      - 0
                      - 0
                      - 239
            apap:
                type: Buffer
                data:
                    - 6
                    - 32
                    - 3
                    - 0
                    - 1
                    - 4
                    - 38
                    - 1
                    - 7
                    - 97
                    - 115
                    - 115
                    - 101
                    - 116
                    - 73
                    - 68
                    - 49
                    - 24
                    - 34
                    - 18
                    - 64
                    - 0
                    - 122
                    - 49
                    - 25
                    - 35
                    - 18
                    - 64
                    - 0
                    - 113
                    - 49
                    - 25
                    - 129
                    - 2
                    - 18
                    - 64
                    - 0
                    - 103
                    - 49
                    - 25
                    - 36
                    - 18
                    - 64
                    - 0
                    - 94
                    - 49
                    - 25
                    - 129
                    - 5
                    - 18
                    - 64
                    - 0
                    - 84
                    - 49
                    - 25
                    - 34
                    - 18
                    - 64
                    - 0
                    - 1
                    - 0
                    - 54
                    - 26
                    - 0
                    - 128
                    - 16
                    - 111
                    - 112
                    - 116
                    - 105
                    - 110
                    - 95
                    - 97
                    - 115
                    - 115
                    - 101
                    - 116
                    - 95
                    - 98
                    - 117
                    - 114
                    - 110
                    - 18
                    - 64
                    - 0
                    - 1
                    - 0
                    - 49
                    - 32
                    - 50
                    - 3
                    - 18
                    - 49
                    - 9
                    - 50
                    - 3
                    - 18
                    - 16
                    - 49
                    - 21
                    - 50
                    - 3
                    - 18
                    - 16
                    - 68
                    - 40
                    - 100
                    - 54
                    - 48
                    - 0
                    - 18
                    - 68
                    - 49
                    - 0
                    - 50
                    - 9
                    - 18
                    - 68
                    - 177
                    - 36
                    - 178
                    - 16
                    - 50
                    - 10
                    - 178
                    - 20
                    - 34
                    - 178
                    - 18
                    - 54
                    - 48
                    - 0
                    - 178
                    - 17
                    - 179
                    - 35
                    - 67
                    - 34
                    - 67
                    - 34
                    - 67
                    - 35
                    - 67
                    - 34
                    - 67
                    - 49
                    - 32
                    - 50
                    - 3
                    - 18
                    - 49
                    - 9
                    - 50
                    - 3
                    - 18
                    - 16
                    - 49
                    - 21
                    - 50
                    - 3
                    - 18
                    - 16
                    - 68
                    - 40
                    - 54
                    - 26
                    - 0
                    - 23
                    - 103
                    - 35
                    - 67
            apgs:
                nui: 1
            apsu:
                type: Buffer
                data:
                    - 6
                    - 129
                    - 1
                    - 67
            fee: 1000
            fv: 114034
            gen: sandnet-v1
            gh:
                type: Buffer
                data:
                    - 92
                    - 125
                    - 243
                    - 61
                    - 94
                    - 230
                    - 238
                    - 146
                    - 96
                    - 126
                    - 204
                    - 85
                    - 6
                    - 17
                    - 210
                    - 167
                    - 106
                    - 192
                    - 255
                    - 116
                    - 117
                    - 95
                    - 161
                    - 66
                    - 32
                    - 55
                    - 214
                    - 9
                    - 241
                    - 218
                    - 237
                    - 195
            lv: 115034
            snd:
                type: Buffer
                data:
                    - 50
                    - 66
                    - 113
                    - 79
                    - 5
                    - 175
                    - 48
                    - 58
                    - 241
                    - 97
                    - 237
                    - 61
                    - 202
                    - 253
                    - 7
                    - 225
                    - 115
                    - 137
                    - 121
                    - 69
                    - 22
                    - 119
                    - 176
                    - 247
                    - 5
                    - 148
                    - 197
                    - 197
                    - 117
                    - 159
                    - 160
                    - 138
            type: appl
