"Signed transaction with txID: HTIG34XQS6LZELPFZHGU2PRFW555A7KRELHHCTBT5U7PU2LPO42A\nCreated new app-id: 236":
    application-index: 236
    confirmed-round: 114024
    pool-error: ""
    sender-rewards: 128361024160
    txn:
        sig:
            type: Buffer
            data:
                - 94
                - 89
                - 173
                - 216
                - 182
                - 215
                - 191
                - 162
                - 63
                - 78
                - 96
                - 221
                - 205
                - 120
                - 59
                - 205
                - 132
                - 176
                - 223
                - 89
                - 173
                - 136
                - 236
                - 131
                - 19
                - 176
                - 122
                - 128
                - 14
                - 88
                - 161
                - 143
                - 249
                - 159
                - 12
                - 44
                - 60
                - 6
                - 131
                - 202
                - 48
                - 37
                - 233
                - 166
                - 8
                - 94
                - 196
                - 140
                - 226
                - 239
                - 9
                - 158
                - 36
                - 151
                - 252
                - 73
                - 117
                - 77
                - 119
                - 126
                - 225
                - 182
                - 232
                - 5
        txn:
            apap:
                type: Buffer
                data:
                    - 6
                    - 32
                    - 3
                    - 0
                    - 1
                    - 4
                    - 38
                    - 1
                    - 7
                    - 116
                    - 101
                    - 115
                    - 108
                    - 97
                    - 105
                    - 100
                    - 49
                    - 24
                    - 34
                    - 18
                    - 64
                    - 1
                    - 53
                    - 49
                    - 25
                    - 35
                    - 18
                    - 64
                    - 1
                    - 44
                    - 49
                    - 25
                    - 129
                    - 2
                    - 18
                    - 64
                    - 1
                    - 34
                    - 49
                    - 25
                    - 36
                    - 18
                    - 64
                    - 1
                    - 25
                    - 49
                    - 25
                    - 129
                    - 5
                    - 18
                    - 64
                    - 1
                    - 15
                    - 49
                    - 25
                    - 34
                    - 18
                    - 64
                    - 0
                    - 1
                    - 0
                    - 54
                    - 26
                    - 0
                    - 128
                    - 12
                    - 99
                    - 114
                    - 101
                    - 97
                    - 116
                    - 101
                    - 95
                    - 97
                    - 115
                    - 115
                    - 101
                    - 116
                    - 18
                    - 64
                    - 0
                    - 181
                    - 54
                    - 26
                    - 0
                    - 128
                    - 8
                    - 116
                    - 114
                    - 97
                    - 110
                    - 115
                    - 102
                    - 101
                    - 114
                    - 18
                    - 64
                    - 0
                    - 89
                    - 54
                    - 26
                    - 0
                    - 128
                    - 4
                    - 98
                    - 117
                    - 114
                    - 110
                    - 18
                    - 64
                    - 0
                    - 1
                    - 0
                    - 49
                    - 32
                    - 50
                    - 3
                    - 18
                    - 49
                    - 9
                    - 50
                    - 3
                    - 18
                    - 16
                    - 49
                    - 21
                    - 50
                    - 3
                    - 18
                    - 16
                    - 68
                    - 40
                    - 100
                    - 54
                    - 48
                    - 0
                    - 18
                    - 68
                    - 49
                    - 0
                    - 50
                    - 9
                    - 18
                    - 68
                    - 54
                    - 26
                    - 1
                    - 23
                    - 50
                    - 10
                    - 40
                    - 100
                    - 112
                    - 0
                    - 53
                    - 1
                    - 53
                    - 0
                    - 52
                    - 1
                    - 68
                    - 52
                    - 0
                    - 14
                    - 68
                    - 177
                    - 36
                    - 178
                    - 16
                    - 54
                    - 28
                    - 1
                    - 178
                    - 20
                    - 54
                    - 26
                    - 1
                    - 23
                    - 178
                    - 18
                    - 54
                    - 48
                    - 0
                    - 178
                    - 17
                    - 179
                    - 35
                    - 67
                    - 49
                    - 32
                    - 50
                    - 3
                    - 18
                    - 49
                    - 9
                    - 50
                    - 3
                    - 18
                    - 16
                    - 49
                    - 21
                    - 50
                    - 3
                    - 18
                    - 16
                    - 68
                    - 40
                    - 100
                    - 54
                    - 48
                    - 0
                    - 18
                    - 68
                    - 49
                    - 0
                    - 50
                    - 9
                    - 18
                    - 68
                    - 54
                    - 26
                    - 1
                    - 23
                    - 50
                    - 10
                    - 40
                    - 100
                    - 112
                    - 0
                    - 53
                    - 1
                    - 53
                    - 0
                    - 52
                    - 1
                    - 68
                    - 52
                    - 0
                    - 14
                    - 68
                    - 177
                    - 36
                    - 178
                    - 16
                    - 54
                    - 28
                    - 1
                    - 178
                    - 20
                    - 54
                    - 26
                    - 1
                    - 23
                    - 178
                    - 18
                    - 54
                    - 48
                    - 0
                    - 178
                    - 17
                    - 179
                    - 35
                    - 67
                    - 49
                    - 32
                    - 50
                    - 3
                    - 18
                    - 49
                    - 9
                    - 50
                    - 3
                    - 18
                    - 16
                    - 49
                    - 21
                    - 50
                    - 3
                    - 18
                    - 16
                    - 68
                    - 40
                    - 100
                    - 34
                    - 18
                    - 68
                    - 177
                    - 129
                    - 3
                    - 178
                    - 16
                    - 129
                    - 192
                    - 132
                    - 61
                    - 178
                    - 34
                    - 34
                    - 178
                    - 35
                    - 128
                    - 4
                    - 84
                    - 83
                    - 76
                    - 65
                    - 178
                    - 37
                    - 128
                    - 5
                    - 84
                    - 101
                    - 115
                    - 108
                    - 97
                    - 178
                    - 38
                    - 179
                    - 40
                    - 180
                    - 60
                    - 103
                    - 35
                    - 67
                    - 34
                    - 67
                    - 34
                    - 67
                    - 35
                    - 67
                    - 34
                    - 67
                    - 49
                    - 32
                    - 50
                    - 3
                    - 18
                    - 49
                    - 9
                    - 50
                    - 3
                    - 18
                    - 16
                    - 49
                    - 21
                    - 50
                    - 3
                    - 18
                    - 16
                    - 68
                    - 35
                    - 67
            apgs:
                nui: 1
            apsu:
                type: Buffer
                data:
                    - 6
                    - 129
                    - 1
                    - 67
            fee: 1000
            fv: 114021
            gen: sandnet-v1
            gh:
                type: Buffer
                data:
                    - 92
                    - 125
                    - 243
                    - 61
                    - 94
                    - 230
                    - 238
                    - 146
                    - 96
                    - 126
                    - 204
                    - 85
                    - 6
                    - 17
                    - 210
                    - 167
                    - 106
                    - 192
                    - 255
                    - 116
                    - 117
                    - 95
                    - 161
                    - 66
                    - 32
                    - 55
                    - 214
                    - 9
                    - 241
                    - 218
                    - 237
                    - 195
            lv: 115021
            snd:
                type: Buffer
                data:
                    - 50
                    - 66
                    - 113
                    - 79
                    - 5
                    - 175
                    - 48
                    - 58
                    - 241
                    - 97
                    - 237
                    - 61
                    - 202
                    - 253
                    - 7
                    - 225
                    - 115
                    - 137
                    - 121
                    - 69
                    - 22
                    - 119
                    - 176
                    - 247
                    - 5
                    - 148
                    - 197
                    - 197
                    - 117
                    - 159
                    - 160
                    - 138
            type: appl
