"Signed transaction with txID: TBEW55PDR3UMYQZQMXVLACDWRGCQ2N2AY6TODGC3ZMRO2KZ7Q2TQ\nCreated new app-id: 240":
    application-index: 240
    confirmed-round: 114030
    global-state-delta:
        - key: YXNzZXRJRA==
          value:
              action: 2
              uint: 239
        - key: Y3VycmVudF9wcmljZQ==
          value:
              action: 2
              uint: 5000000
    pool-error: ""
    txn:
        sig:
            type: Buffer
            data:
                - 134
                - 166
                - 118
                - 216
                - 236
                - 246
                - 177
                - 189
                - 118
                - 110
                - 142
                - 156
                - 167
                - 42
                - 81
                - 35
                - 248
                - 29
                - 85
                - 114
                - 124
                - 198
                - 3
                - 245
                - 139
                - 75
                - 217
                - 151
                - 16
                - 181
                - 171
                - 94
                - 196
                - 146
                - 179
                - 207
                - 249
                - 167
                - 232
                - 218
                - 247
                - 196
                - 189
                - 68
                - 99
                - 255
                - 117
                - 202
                - 253
                - 106
                - 31
                - 27
                - 32
                - 169
                - 193
                - 71
                - 33
                - 1
                - 26
                - 137
                - 126
                - 100
                - 166
                - 6
        txn:
            apaa:
                - type: Buffer
                  data:
                      - 0
                      - 0
                      - 0
                      - 0
                      - 0
                      - 0
                      - 0
                      - 239
            apap:
                type: Buffer
                data:
                    - 6
                    - 32
                    - 5
                    - 1
                    - 0
                    - 4
                    - 2
                    - 232
                    - 7
                    - 38
                    - 2
                    - 7
                    - 97
                    - 115
                    - 115
                    - 101
                    - 116
                    - 73
                    - 68
                    - 13
                    - 99
                    - 117
                    - 114
                    - 114
                    - 101
                    - 110
                    - 116
                    - 95
                    - 112
                    - 114
                    - 105
                    - 99
                    - 101
                    - 49
                    - 24
                    - 35
                    - 18
                    - 64
                    - 1
                    - 59
                    - 49
                    - 25
                    - 34
                    - 18
                    - 64
                    - 1
                    - 50
                    - 49
                    - 25
                    - 37
                    - 18
                    - 64
                    - 1
                    - 41
                    - 49
                    - 25
                    - 36
                    - 18
                    - 64
                    - 1
                    - 32
                    - 49
                    - 25
                    - 129
                    - 5
                    - 18
                    - 64
                    - 1
                    - 22
                    - 49
                    - 25
                    - 35
                    - 18
                    - 64
                    - 0
                    - 1
                    - 0
                    - 54
                    - 26
                    - 0
                    - 128
                    - 11
                    - 111
                    - 112
                    - 116
                    - 105
                    - 110
                    - 95
                    - 97
                    - 115
                    - 115
                    - 101
                    - 116
                    - 18
                    - 64
                    - 0
                    - 200
                    - 54
                    - 26
                    - 0
                    - 128
                    - 11
                    - 85
                    - 112
                    - 100
                    - 97
                    - 116
                    - 101
                    - 80
                    - 114
                    - 105
                    - 99
                    - 101
                    - 18
                    - 64
                    - 0
                    - 148
                    - 54
                    - 26
                    - 0
                    - 128
                    - 8
                    - 112
                    - 117
                    - 114
                    - 99
                    - 104
                    - 97
                    - 115
                    - 101
                    - 18
                    - 64
                    - 0
                    - 1
                    - 0
                    - 49
                    - 32
                    - 50
                    - 3
                    - 18
                    - 49
                    - 9
                    - 50
                    - 3
                    - 18
                    - 16
                    - 49
                    - 21
                    - 50
                    - 3
                    - 18
                    - 16
                    - 68
                    - 50
                    - 10
                    - 40
                    - 100
                    - 112
                    - 0
                    - 53
                    - 1
                    - 53
                    - 0
                    - 52
                    - 1
                    - 68
                    - 52
                    - 0
                    - 55
                    - 1
                    - 26
                    - 1
                    - 23
                    - 15
                    - 68
                    - 55
                    - 1
                    - 26
                    - 1
                    - 23
                    - 33
                    - 4
                    - 14
                    - 68
                    - 50
                    - 4
                    - 37
                    - 18
                    - 68
                    - 51
                    - 0
                    - 16
                    - 34
                    - 18
                    - 68
                    - 51
                    - 1
                    - 16
                    - 129
                    - 6
                    - 18
                    - 68
                    - 55
                    - 1
                    - 26
                    - 1
                    - 23
                    - 35
                    - 13
                    - 68
                    - 40
                    - 100
                    - 55
                    - 1
                    - 48
                    - 0
                    - 18
                    - 68
                    - 51
                    - 0
                    - 0
                    - 96
                    - 51
                    - 0
                    - 0
                    - 120
                    - 9
                    - 41
                    - 100
                    - 55
                    - 1
                    - 26
                    - 1
                    - 23
                    - 11
                    - 33
                    - 4
                    - 8
                    - 15
                    - 68
                    - 177
                    - 36
                    - 178
                    - 16
                    - 51
                    - 1
                    - 0
                    - 178
                    - 20
                    - 55
                    - 1
                    - 26
                    - 1
                    - 23
                    - 178
                    - 18
                    - 55
                    - 1
                    - 48
                    - 0
                    - 178
                    - 17
                    - 179
                    - 34
                    - 67
                    - 49
                    - 32
                    - 50
                    - 3
                    - 18
                    - 49
                    - 9
                    - 50
                    - 3
                    - 18
                    - 16
                    - 49
                    - 21
                    - 50
                    - 3
                    - 18
                    - 16
                    - 68
                    - 49
                    - 0
                    - 50
                    - 9
                    - 18
                    - 68
                    - 41
                    - 54
                    - 26
                    - 1
                    - 23
                    - 103
                    - 34
                    - 67
                    - 49
                    - 32
                    - 50
                    - 3
                    - 18
                    - 49
                    - 9
                    - 50
                    - 3
                    - 18
                    - 16
                    - 49
                    - 21
                    - 50
                    - 3
                    - 18
                    - 16
                    - 68
                    - 40
                    - 100
                    - 54
                    - 48
                    - 0
                    - 18
                    - 68
                    - 49
                    - 0
                    - 50
                    - 9
                    - 18
                    - 68
                    - 177
                    - 36
                    - 178
                    - 16
                    - 50
                    - 10
                    - 178
                    - 20
                    - 35
                    - 178
                    - 18
                    - 54
                    - 48
                    - 0
                    - 178
                    - 17
                    - 179
                    - 34
                    - 67
                    - 35
                    - 67
                    - 35
                    - 67
                    - 34
                    - 67
                    - 34
                    - 67
                    - 49
                    - 32
                    - 50
                    - 3
                    - 18
                    - 49
                    - 9
                    - 50
                    - 3
                    - 18
                    - 16
                    - 49
                    - 21
                    - 50
                    - 3
                    - 18
                    - 16
                    - 68
                    - 40
                    - 54
                    - 26
                    - 0
                    - 23
                    - 103
                    - 41
                    - 129
                    - 192
                    - 150
                    - 177
                    - 2
                    - 103
                    - 34
                    - 67
            apgs:
                nui: 2
            apsu:
                type: Buffer
                data:
                    - 6
                    - 129
                    - 1
                    - 67
            fee: 1000
            fv: 114028
            gen: sandnet-v1
            gh:
                type: Buffer
                data:
                    - 92
                    - 125
                    - 243
                    - 61
                    - 94
                    - 230
                    - 238
                    - 146
                    - 96
                    - 126
                    - 204
                    - 85
                    - 6
                    - 17
                    - 210
                    - 167
                    - 106
                    - 192
                    - 255
                    - 116
                    - 117
                    - 95
                    - 161
                    - 66
                    - 32
                    - 55
                    - 214
                    - 9
                    - 241
                    - 218
                    - 237
                    - 195
            lv: 115028
            snd:
                type: Buffer
                data:
                    - 50
                    - 66
                    - 113
                    - 79
                    - 5
                    - 175
                    - 48
                    - 58
                    - 241
                    - 97
                    - 237
                    - 61
                    - 202
                    - 253
                    - 7
                    - 225
                    - 115
                    - 137
                    - 121
                    - 69
                    - 22
                    - 119
                    - 176
                    - 247
                    - 5
                    - 148
                    - 197
                    - 197
                    - 117
                    - 159
                    - 160
                    - 138
            type: appl
